SF:lib/badges/badge.dart
DA:17,2
DA:20,1
DA:25,1
DA:26,1
DA:27,1
DA:31,1
DA:34,1
DA:35,1
DA:36,1
DA:37,1
DA:41,1
DA:42,1
DA:44,1
DA:45,2
DA:46,1
DA:47,1
DA:50,2
DA:51,1
LF:18
LH:18
end_of_record
SF:lib/colors/app_color.dart
DA:4,0
DA:18,3
LF:2
LH:1
end_of_record
SF:lib/badges/badge_test.dart
DA:11,1
DA:12,2
DA:13,2
DA:14,3
DA:19,2
DA:20,2
DA:21,2
DA:23,1
DA:24,2
DA:25,1
DA:26,1
DA:28,1
DA:29,2
DA:33,2
DA:34,4
DA:40,2
DA:41,2
DA:42,2
DA:44,1
DA:45,2
DA:46,1
DA:47,1
DA:49,1
DA:50,2
DA:52,3
DA:53,2
DA:54,2
LF:27
LH:27
end_of_record
SF:lib/test_utils/wrap_in_material_app.dart
DA:4,18
DA:5,18
DA:6,18
DA:7,18
LF:4
LH:4
end_of_record
SF:lib/badges/multivalue_badge.dart
DA:12,1
DA:13,0
DA:14,1
DA:15,1
DA:18,1
DA:20,1
DA:27,1
DA:29,1
DA:31,1
DA:32,2
DA:33,7
DA:37,5
DA:38,2
DA:39,2
DA:40,2
LF:15
LH:14
end_of_record
SF:lib/theme.dart
DA:6,60
DA:14,20
DA:15,20
DA:19,40
DA:30,60
DA:33,40
LF:6
LH:6
end_of_record
SF:lib/text.dart
DA:5,0
LF:1
LH:0
end_of_record
SF:lib/buttons/button_common.dart
DA:21,2
DA:22,6
DA:24,2
DA:30,2
DA:37,1
DA:39,1
DA:45,2
DA:46,2
DA:52,2
DA:56,2
DA:57,4
DA:58,1
DA:61,2
LF:13
LH:13
end_of_record
SF:lib/buttons/button_common_tests.dart
DA:16,3
DA:23,6
DA:24,6
DA:25,12
DA:26,6
DA:31,4
DA:39,8
DA:44,8
DA:45,4
DA:46,4
DA:47,8
DA:48,20
DA:51,4
DA:52,0
DA:53,0
DA:54,0
DA:56,0
DA:57,0
DA:61,8
DA:62,4
DA:63,12
DA:64,12
DA:65,8
DA:66,16
DA:69,4
DA:70,4
DA:71,4
DA:72,12
DA:73,12
DA:74,8
DA:75,12
DA:76,8
DA:77,16
DA:80,4
DA:81,0
DA:82,0
DA:83,0
DA:84,0
DA:85,0
DA:86,0
DA:87,0
DA:89,0
DA:90,0
DA:91,0
DA:93,0
DA:94,0
DA:95,0
DA:96,0
DA:98,0
DA:99,0
DA:100,0
DA:107,2
DA:115,4
DA:118,4
DA:119,2
DA:120,4
DA:121,4
DA:124,4
DA:125,2
DA:126,6
DA:128,10
DA:129,2
DA:132,2
DA:133,2
DA:134,2
DA:135,6
DA:138,10
DA:139,2
DA:144,3
DA:152,6
DA:153,3
DA:154,0
DA:157,0
DA:159,0
DA:162,3
DA:163,0
DA:166,0
DA:168,0
DA:173,4
DA:181,8
DA:182,4
DA:183,0
DA:185,0
DA:188,0
DA:190,0
DA:193,4
DA:194,0
DA:197,0
DA:199,0
DA:200,0
DA:205,3
DA:212,6
DA:213,3
DA:215,3
DA:216,12
DA:220,15
DA:226,3
DA:234,6
DA:235,6
DA:236,3
DA:237,9
DA:238,15
DA:244,2
DA:251,4
DA:252,2
DA:253,2
DA:254,10
DA:255,10
DA:257,4
DA:258,8
DA:259,4
DA:260,10
DA:262,4
DA:263,4
DA:264,10
DA:268,2
DA:270,2
DA:271,8
DA:272,10
DA:274,4
DA:275,8
DA:276,4
DA:277,10
DA:279,4
DA:280,4
DA:281,10
LF:126
LH:90
end_of_record
SF:lib/buttons/contour_button.dart
DA:13,1
DA:20,0
DA:21,1
DA:23,1
DA:24,1
DA:31,1
DA:33,1
DA:34,3
DA:35,1
DA:36,1
DA:37,3
DA:39,1
DA:40,3
DA:42,1
DA:43,4
DA:45,2
DA:46,3
DA:47,1
DA:48,5
DA:49,1
DA:50,1
DA:51,1
DA:52,1
DA:53,1
DA:57,1
DA:58,2
DA:59,4
DA:60,1
DA:61,1
DA:62,1
DA:63,2
DA:65,1
DA:66,4
DA:74,1
DA:75,3
LF:35
LH:34
end_of_record
SF:lib/buttons/contour_button_test.dart
DA:8,1
DA:9,2
DA:12,1
DA:17,1
DA:18,1
DA:21,1
DA:26,2
DA:29,1
DA:34,1
DA:35,1
DA:39,1
DA:44,2
DA:45,0
DA:49,1
DA:54,0
DA:55,0
DA:59,1
DA:64,0
DA:65,0
DA:69,1
DA:74,2
DA:76,0
LF:22
LH:16
end_of_record
SF:lib/buttons/filled_button.dart
DA:14,1
DA:22,0
DA:23,1
DA:25,1
DA:26,1
DA:32,1
DA:34,1
DA:35,3
DA:36,1
DA:37,4
DA:39,2
DA:40,3
DA:41,2
DA:42,1
DA:43,1
DA:44,5
DA:46,1
DA:47,1
DA:49,1
DA:50,1
DA:51,1
DA:53,1
DA:60,1
DA:61,1
DA:62,1
DA:66,1
DA:67,2
DA:68,2
DA:69,2
DA:70,4
DA:72,1
DA:73,4
DA:79,1
DA:80,2
DA:81,3
LF:35
LH:34
end_of_record
SF:lib/buttons/filled_button_test.dart
DA:8,1
DA:9,2
DA:12,1
DA:17,2
DA:20,1
DA:25,1
DA:26,1
DA:30,1
DA:35,2
DA:36,0
DA:40,1
DA:45,0
DA:46,0
DA:50,1
DA:55,0
DA:56,0
DA:60,1
DA:65,2
DA:67,0
DA:73,1
DA:78,2
DA:81,0
LF:22
LH:15
end_of_record
SF:lib/buttons/button_common.dart
DA:21,0
DA:22,0
DA:24,1
DA:30,2
DA:37,1
DA:39,1
DA:45,1
DA:46,1
DA:52,2
DA:56,2
DA:57,4
DA:58,1
DA:61,1
LF:13
LH:11
end_of_record
SF:lib/buttons/simple_button_test.dart
DA:8,1
DA:9,2
DA:12,1
DA:17,1
DA:18,1
DA:21,1
DA:26,2
DA:29,1
DA:34,1
DA:35,1
DA:39,1
DA:44,0
DA:45,0
DA:49,1
DA:54,2
DA:55,0
LF:16
LH:13
end_of_record
SF:lib/buttons/simple_button.dart
DA:12,1
DA:18,0
DA:19,1
DA:21,1
DA:22,1
DA:29,1
DA:31,1
DA:32,1
DA:33,3
DA:35,1
DA:36,3
DA:38,1
DA:39,4
DA:41,2
DA:42,3
DA:43,1
DA:45,2
DA:47,1
DA:48,1
DA:49,1
DA:50,1
DA:54,1
DA:55,2
DA:56,2
DA:57,4
DA:58,1
DA:59,1
DA:60,1
DA:61,2
DA:70,1
DA:71,3
LF:31
LH:30
end_of_record
SF:lib/buttons/two_states_button_test.dart
DA:12,1
DA:13,2
DA:21,2
DA:22,1
DA:23,1
DA:24,2
DA:25,5
DA:28,1
DA:37,2
DA:38,2
DA:39,4
DA:40,2
DA:42,2
DA:43,1
DA:44,1
DA:45,2
DA:46,2
DA:48,3
DA:49,2
DA:50,4
DA:55,1
DA:62,2
DA:64,0
DA:67,1
DA:72,2
DA:77,0
DA:82,1
DA:87,0
DA:89,0
DA:93,1
DA:98,0
DA:100,0
DA:104,1
DA:109,2
DA:113,0
DA:114,0
DA:120,1
DA:125,2
DA:130,0
DA:131,0
LF:40
LH:30
end_of_record
SF:lib/buttons/two_states_button.dart
DA:20,1
DA:32,0
DA:33,1
DA:35,1
DA:36,1
DA:45,1
DA:47,1
DA:48,3
DA:49,1
DA:52,1
DA:53,5
DA:54,6
DA:55,1
DA:56,5
DA:60,1
DA:62,2
DA:63,1
DA:66,1
DA:67,1
DA:68,0
DA:69,0
DA:71,0
DA:73,3
DA:77,1
DA:79,1
DA:80,1
DA:81,2
DA:82,1
DA:83,4
DA:85,1
DA:86,2
DA:87,1
DA:88,3
DA:90,1
DA:91,3
DA:94,1
DA:95,5
DA:97,1
DA:98,1
DA:99,1
DA:102,1
DA:103,1
DA:104,1
DA:107,1
DA:112,1
DA:113,1
DA:114,1
DA:119,1
DA:120,1
DA:121,1
DA:125,1
DA:126,1
DA:127,2
DA:128,4
DA:130,1
DA:131,4
DA:137,1
DA:138,2
DA:139,3
LF:59
LH:55
end_of_record
SF:lib/cards/card_test.dart
DA:9,1
DA:10,2
DA:13,2
DA:14,2
DA:15,1
DA:17,2
DA:20,2
DA:22,3
DA:24,2
DA:26,2
DA:27,2
DA:29,1
DA:30,2
DA:31,1
DA:32,1
DA:33,3
DA:42,2
DA:44,3
DA:51,2
DA:53,2
DA:54,2
DA:56,1
DA:57,2
DA:58,1
DA:59,1
DA:60,3
LF:26
LH:26
end_of_record
SF:lib/cards/card.dart
DA:25,1
DA:32,0
DA:33,0
DA:41,1
DA:43,2
DA:44,1
DA:45,1
DA:46,1
DA:47,1
DA:50,3
DA:51,1
DA:52,1
LF:12
LH:10
end_of_record
SF:lib/cards/news_card_test.dart
DA:6,1
DA:7,2
DA:8,2
DA:9,3
DA:13,2
DA:14,2
DA:15,1
DA:16,1
LF:8
LH:8
end_of_record
SF:lib/cards/news_card.dart
DA:15,1
DA:22,1
DA:24,1
DA:25,1
DA:26,1
DA:31,1
DA:33,1
DA:36,1
DA:37,1
DA:40,1
DA:41,2
DA:48,3
DA:53,1
DA:56,1
DA:57,1
DA:58,1
DA:60,2
DA:61,1
DA:65,1
DA:68,1
DA:70,0
DA:73,0
DA:74,0
DA:84,1
DA:85,4
DA:86,1
DA:87,1
DA:88,1
DA:90,1
DA:92,1
DA:93,0
DA:94,1
DA:95,0
DA:96,1
DA:97,0
DA:99,2
LF:36
LH:30
end_of_record
SF:lib/currency_displays/asset_rate_test.dart
DA:6,1
DA:7,2
DA:8,2
DA:11,3
DA:12,2
DA:13,2
DA:14,4
DA:15,2
DA:16,1
DA:19,2
DA:22,3
DA:23,2
DA:24,2
DA:25,4
DA:26,2
DA:27,1
LF:16
LH:16
end_of_record
SF:lib/currency_displays/asset_rate.dart
DA:10,1
DA:12,1
DA:14,3
DA:15,3
DA:16,3
DA:17,1
DA:18,1
DA:19,1
DA:20,1
DA:21,1
DA:22,3
DA:24,2
DA:25,1
DA:26,2
LF:14
LH:14
end_of_record
SF:lib/indicators/gauge_indicator_test.dart
DA:5,1
DA:6,2
DA:7,2
DA:8,2
DA:13,2
DA:14,3
DA:15,1
DA:17,1
DA:20,2
DA:21,3
DA:24,2
LF:11
LH:11
end_of_record
SF:lib/indicators/gauge_indicator.dart
DA:11,2
DA:17,1
DA:18,2
DA:19,3
DA:20,3
DA:22,1
DA:24,1
DA:25,1
DA:26,2
DA:27,1
DA:28,1
DA:29,1
DA:34,1
DA:35,1
DA:36,1
DA:37,2
DA:38,1
DA:39,7
DA:53,1
DA:55,1
DA:58,1
DA:59,1
DA:60,1
DA:61,1
DA:64,4
DA:66,2
DA:67,1
DA:68,3
DA:69,1
DA:75,1
DA:76,1
DA:77,3
DA:79,1
DA:81,3
DA:84,1
DA:85,4
DA:87,1
DA:88,8
DA:90,1
DA:91,11
DA:93,1
DA:94,1
DA:95,1
DA:97,3
DA:98,3
DA:99,5
DA:100,9
DA:101,1
DA:103,1
DA:104,1
DA:107,0
LF:51
LH:50
end_of_record
SF:lib/indicators/simple_progress_indicator_test.dart
DA:6,1
DA:7,2
DA:8,1
DA:9,1
DA:10,1
DA:11,2
DA:12,2
DA:15,2
DA:16,1
DA:17,2
DA:19,3
DA:20,3
DA:22,3
DA:23,3
DA:24,2
DA:25,3
DA:26,2
DA:27,3
DA:28,1
DA:29,2
DA:30,2
DA:31,2
DA:32,2
DA:33,2
DA:34,2
DA:37,2
DA:38,3
DA:46,3
DA:47,3
DA:49,3
DA:50,3
DA:51,2
DA:52,3
DA:53,2
DA:54,3
DA:55,1
DA:56,3
DA:57,2
DA:58,2
DA:59,2
DA:60,2
DA:61,2
LF:42
LH:42
end_of_record
SF:lib/indicators/simple_progress_indicator.dart
DA:10,2
DA:17,0
DA:18,1
DA:19,1
DA:21,2
DA:22,2
DA:26,2
DA:29,2
DA:30,4
DA:31,2
DA:37,2
DA:38,6
DA:39,2
DA:40,4
DA:41,2
DA:42,8
DA:43,2
DA:44,6
LF:18
LH:17
end_of_record
SF:lib/inputs/custom_checkbox_test.dart
DA:15,1
DA:16,2
DA:17,2
DA:18,4
DA:22,0
DA:25,2
DA:26,2
DA:27,2
DA:31,2
DA:32,2
DA:34,4
DA:41,3
DA:42,2
DA:43,4
LF:14
LH:13
end_of_record
SF:lib/inputs/custom_checkbox.dart
DA:10,1
DA:16,1
DA:18,1
DA:20,1
DA:21,1
DA:22,0
DA:23,3
DA:26,1
DA:27,1
DA:28,1
DA:31,2
DA:32,2
DA:36,1
DA:37,1
DA:38,1
DA:39,3
DA:41,1
DA:43,1
DA:46,1
DA:47,3
DA:48,1
DA:50,1
DA:56,1
DA:58,2
DA:59,0
LF:25
LH:23
end_of_record
SF:lib/inputs/email_input_test.dart
DA:8,1
DA:9,2
DA:10,1
DA:11,0
DA:12,0
DA:15,2
DA:16,2
DA:17,2
DA:18,2
LF:9
LH:7
end_of_record
SF:lib/inputs/email_input.dart
DA:10,1
DA:12,1
DA:14,1
DA:19,2
DA:20,1
DA:26,1
DA:29,1
LF:7
LH:7
end_of_record
SF:lib/inputs/password_validator_test.dart
DA:7,1
DA:8,2
DA:9,1
DA:10,1
DA:11,3
DA:12,2
DA:15,2
DA:16,3
DA:18,3
DA:20,3
DA:21,1
DA:27,1
DA:28,1
DA:36,2
DA:37,2
DA:38,2
DA:39,2
DA:40,2
DA:41,2
DA:42,2
DA:43,2
DA:44,2
DA:47,1
DA:48,1
DA:49,3
DA:69,3
DA:71,3
DA:72,1
DA:73,1
DA:80,1
DA:87,2
DA:88,2
DA:89,2
DA:90,2
DA:91,2
DA:92,2
DA:93,2
DA:94,2
DA:95,2
LF:39
LH:39
end_of_record
SF:lib/inputs/password_validator.dart
DA:10,1
DA:27,0
DA:28,0
DA:30,1
DA:31,1
DA:35,1
DA:37,4
DA:38,1
DA:40,4
DA:41,1
DA:43,4
DA:44,1
DA:46,4
DA:47,1
DA:52,1
DA:53,1
DA:55,1
DA:57,4
DA:61,1
DA:63,0
DA:67,1
DA:69,0
DA:73,1
DA:75,0
DA:79,1
DA:81,4
DA:87,0
DA:92,1
DA:93,1
DA:95,1
DA:97,3
DA:101,1
DA:103,0
DA:107,1
DA:109,0
DA:113,1
DA:115,0
DA:119,1
DA:121,3
DA:127,0
DA:132,1
DA:133,4
DA:134,4
DA:135,4
DA:136,2
DA:137,2
DA:138,3
DA:140,0
DA:143,0
DA:146,0
DA:149,4
DA:150,0
DA:151,0
DA:152,0
DA:153,0
DA:157,3
DA:161,1
DA:163,1
DA:165,1
DA:166,1
DA:167,1
DA:177,1
DA:181,1
DA:182,2
DA:187,1
DA:188,1
LF:66
LH:49
end_of_record
SF:lib/inputs/pin_view_test.dart
DA:6,1
DA:7,2
DA:8,1
DA:9,1
DA:10,1
DA:11,1
DA:12,2
DA:13,2
DA:15,2
DA:16,3
DA:19,1
DA:20,1
DA:21,1
DA:22,1
DA:23,2
DA:24,2
DA:26,2
DA:27,1
DA:29,5
DA:30,4
DA:31,4
DA:33,2
DA:34,2
DA:35,3
DA:36,3
DA:37,3
DA:38,3
LF:27
LH:27
end_of_record
SF:lib/inputs/pin_view.dart
DA:9,1
DA:11,1
DA:13,1
DA:15,1
DA:19,1
DA:20,8
DA:30,1
DA:32,1
DA:34,1
DA:35,1
DA:36,1
DA:37,2
LF:12
LH:12
end_of_record
SF:lib/label_value_pair/copy_to_clipboard.dart
DA:8,1
DA:10,1
DA:12,1
DA:14,1
DA:15,1
DA:16,3
DA:18,2
DA:20,1
DA:21,2
LF:9
LH:9
end_of_record
SF:lib/label_value_pair/copy_to_clipboard_test.dart
DA:9,1
DA:10,2
DA:11,2
DA:12,2
DA:15,2
DA:18,2
DA:19,1
DA:20,2
DA:23,3
DA:24,2
LF:10
LH:10
end_of_record
SF:lib/test_utils/test_method_channel.dart
DA:5,3
DA:6,3
DA:8,1
DA:10,3
DA:11,1
DA:12,2
DA:13,2
DA:14,2
DA:15,2
DA:17,0
DA:20,2
DA:21,3
DA:22,2
DA:23,2
DA:31,0
DA:33,0
DA:34,0
DA:37,0
DA:38,0
DA:39,0
DA:43,0
DA:44,0
DA:47,1
DA:48,5
DA:49,0
DA:52,1
DA:54,1
LF:27
LH:17
end_of_record
SF:lib/layouts/utility_layout_test.dart
DA:11,1
DA:12,2
DA:13,1
DA:17,0
DA:23,0
DA:25,0
DA:29,0
DA:30,0
DA:32,0
DA:33,0
DA:34,0
DA:35,0
DA:36,0
LF:13
LH:3
end_of_record
SF:lib/buttons/filled_button.dart
DA:14,1
DA:22,0
DA:23,1
DA:25,1
DA:26,1
DA:32,1
DA:34,1
DA:35,3
DA:36,1
DA:37,4
DA:39,0
DA:40,0
DA:41,2
DA:42,1
DA:43,1
DA:44,5
DA:46,1
DA:47,1
DA:49,1
DA:50,1
DA:51,1
DA:53,1
DA:60,1
DA:61,1
DA:62,1
DA:66,1
DA:67,2
DA:68,2
DA:69,0
DA:70,4
DA:72,1
DA:73,4
DA:79,0
DA:80,0
DA:81,0
LF:35
LH:28
end_of_record
SF:lib/illustrations/undraw.dart
DA:8,2
DA:21,0
DA:22,0
DA:36,2
DA:37,4
DA:39,12
DA:40,6
DA:41,4
DA:43,12
DA:44,4
DA:45,4
DA:46,2
DA:48,2
DA:49,2
DA:50,2
DA:51,2
DA:52,2
DA:53,2
DA:57,2
DA:59,2
DA:60,2
DA:61,8
DA:62,2
DA:63,2
DA:64,0
DA:65,0
DA:66,0
DA:68,2
DA:69,0
DA:70,0
DA:73,2
DA:74,4
DA:82,2
DA:83,6
DA:84,2
LF:35
LH:28
end_of_record
SF:lib/illustrations/undraw_illustrations.dart
DA:1,6
DA:788,2
DA:789,2
DA:790,2
DA:793,2
DA:794,2
DA:797,4
DA:798,4
DA:799,4
DA:800,4
DA:801,4
DA:802,4
DA:803,4
DA:804,4
DA:805,2
DA:806,2
DA:809,4
DA:810,4
DA:811,4
DA:812,2
DA:813,2
DA:816,2
DA:817,2
DA:820,4
DA:821,4
DA:822,4
DA:823,2
DA:824,2
DA:827,2
DA:828,2
DA:831,2
DA:832,2
DA:835,4
DA:836,4
DA:837,4
DA:838,2
DA:839,2
DA:842,4
DA:843,4
DA:844,4
DA:845,4
DA:846,4
DA:847,4
DA:848,4
DA:849,4
DA:850,2
DA:851,2
DA:854,4
DA:855,2
DA:856,2
DA:859,4
DA:860,4
DA:861,4
DA:862,4
DA:863,4
DA:864,4
DA:865,4
DA:866,2
DA:867,2
DA:870,4
DA:871,4
DA:872,4
DA:873,4
DA:874,4
DA:875,2
DA:876,2
DA:879,4
DA:880,4
DA:881,4
DA:882,2
DA:883,2
DA:886,4
DA:887,4
DA:888,4
DA:889,4
DA:890,2
DA:891,2
DA:894,4
DA:895,4
DA:896,2
DA:897,2
DA:900,4
DA:901,4
DA:902,4
DA:903,4
DA:904,4
DA:905,4
DA:906,4
DA:907,4
DA:908,4
DA:909,4
DA:910,4
DA:911,4
DA:912,4
DA:913,4
DA:914,4
DA:915,4
DA:916,2
DA:917,2
DA:920,4
DA:921,4
DA:922,2
DA:923,2
DA:926,2
DA:927,2
DA:930,4
DA:931,4
DA:932,4
DA:933,4
DA:934,4
DA:935,4
DA:936,2
DA:937,2
DA:940,4
DA:941,4
DA:942,4
DA:943,2
DA:944,2
DA:947,4
DA:948,2
DA:949,2
DA:952,4
DA:953,4
DA:954,4
DA:955,2
DA:956,2
DA:959,4
DA:960,4
DA:961,2
DA:962,2
DA:965,2
DA:966,2
DA:969,4
DA:970,4
DA:971,4
DA:972,4
DA:973,4
DA:974,4
DA:975,4
DA:976,4
DA:977,4
DA:978,4
DA:979,4
DA:980,4
DA:981,4
DA:982,4
DA:983,4
DA:984,4
DA:985,2
DA:986,2
DA:989,4
DA:990,4
DA:991,4
DA:992,4
DA:993,4
DA:994,4
DA:995,2
DA:996,2
DA:999,2
DA:1000,2
DA:1003,4
DA:1004,4
DA:1005,2
DA:1006,2
DA:1009,4
DA:1010,4
DA:1011,2
DA:1012,2
DA:1015,4
DA:1016,4
DA:1017,4
DA:1018,4
DA:1019,4
DA:1020,4
DA:1021,4
DA:1022,4
DA:1023,4
DA:1024,4
DA:1025,4
DA:1026,4
DA:1027,4
DA:1028,4
DA:1029,4
DA:1030,2
DA:1031,2
DA:1034,4
DA:1035,4
DA:1036,4
DA:1037,4
DA:1038,4
DA:1039,4
DA:1040,2
DA:1041,2
DA:1044,4
DA:1045,4
DA:1046,4
DA:1047,4
DA:1048,4
DA:1049,2
DA:1050,2
DA:1053,4
DA:1054,4
DA:1055,4
DA:1056,4
DA:1057,4
DA:1058,4
DA:1059,4
DA:1060,4
DA:1061,4
DA:1062,4
DA:1063,4
DA:1064,4
DA:1065,4
DA:1066,4
DA:1067,4
DA:1068,4
DA:1069,4
DA:1070,4
DA:1071,4
DA:1072,4
DA:1073,4
DA:1074,2
DA:1075,2
DA:1078,4
DA:1079,4
DA:1080,4
DA:1081,4
DA:1082,4
DA:1083,4
DA:1084,4
DA:1085,4
DA:1086,4
DA:1087,4
DA:1088,4
DA:1089,4
DA:1090,4
DA:1091,4
DA:1092,4
DA:1093,4
DA:1094,4
DA:1095,2
DA:1096,2
DA:1099,4
DA:1100,4
DA:1101,4
DA:1102,4
DA:1103,4
DA:1104,4
DA:1105,4
DA:1106,4
DA:1107,4
DA:1108,4
DA:1109,4
DA:1110,4
DA:1111,4
DA:1112,4
DA:1113,4
DA:1114,4
DA:1115,4
DA:1116,4
DA:1117,4
DA:1118,2
DA:1119,2
DA:1122,4
DA:1123,4
DA:1124,4
DA:1125,4
DA:1126,4
DA:1127,4
DA:1128,4
DA:1129,4
DA:1130,4
DA:1131,4
DA:1132,4
DA:1133,4
DA:1134,4
DA:1135,4
DA:1136,2
DA:1137,2
DA:1140,4
DA:1141,4
DA:1142,4
DA:1143,4
DA:1144,4
DA:1145,4
DA:1146,4
DA:1147,4
DA:1148,4
DA:1149,4
DA:1150,4
DA:1151,4
DA:1152,4
DA:1153,4
DA:1154,4
DA:1155,4
DA:1156,4
DA:1157,2
DA:1158,2
DA:1161,4
DA:1162,4
DA:1163,4
DA:1164,4
DA:1165,4
DA:1166,4
DA:1167,4
DA:1168,4
DA:1169,4
DA:1170,4
DA:1171,4
DA:1172,4
DA:1173,2
DA:1174,2
DA:1177,4
DA:1178,4
DA:1179,4
DA:1180,4
DA:1181,4
DA:1182,4
DA:1183,4
DA:1184,4
DA:1185,2
DA:1186,2
DA:1189,4
DA:1190,4
DA:1191,4
DA:1192,4
DA:1193,4
DA:1194,4
DA:1195,4
DA:1196,4
DA:1197,4
DA:1198,4
DA:1199,4
DA:1200,4
DA:1201,4
DA:1202,4
DA:1203,4
DA:1204,4
DA:1205,4
DA:1206,4
DA:1207,4
DA:1208,4
DA:1209,4
DA:1210,4
DA:1211,4
DA:1212,4
DA:1213,4
DA:1214,4
DA:1215,4
DA:1216,4
DA:1217,4
DA:1218,4
DA:1219,4
DA:1220,4
DA:1221,4
DA:1222,4
DA:1223,4
DA:1224,4
DA:1225,4
DA:1226,4
DA:1227,4
DA:1228,4
DA:1229,4
DA:1230,4
DA:1231,4
DA:1232,4
DA:1233,2
DA:1234,2
DA:1237,4
DA:1238,4
DA:1239,4
DA:1240,4
DA:1241,4
DA:1242,4
DA:1243,2
DA:1244,2
DA:1247,2
DA:1248,2
DA:1251,4
DA:1252,4
DA:1253,4
DA:1254,4
DA:1255,4
DA:1256,4
DA:1257,2
DA:1258,2
DA:1261,2
DA:1262,2
DA:1265,2
DA:1266,2
DA:1269,2
DA:1270,2
DA:1273,4
DA:1274,4
DA:1275,4
DA:1276,4
DA:1277,4
DA:1278,4
DA:1279,2
DA:1280,2
DA:1283,4
DA:1284,4
DA:1285,4
DA:1286,4
DA:1287,4
DA:1288,2
DA:1289,2
DA:1292,4
DA:1293,4
DA:1294,4
DA:1295,4
DA:1296,4
DA:1297,4
DA:1298,2
DA:1299,2
DA:1302,4
DA:1303,2
DA:1304,2
DA:1307,4
DA:1308,4
DA:1309,4
DA:1310,4
DA:1311,2
DA:1312,2
DA:1315,4
DA:1316,4
DA:1317,4
DA:1318,4
DA:1319,4
DA:1320,4
DA:1321,4
DA:1322,4
DA:1323,2
DA:1324,2
DA:1327,4
DA:1328,4
DA:1329,2
DA:1330,2
DA:1333,4
DA:1334,2
DA:1335,2
DA:1338,4
DA:1339,4
DA:1340,4
DA:1341,4
DA:1342,4
DA:1343,4
DA:1344,4
DA:1345,2
DA:1346,2
DA:1349,4
DA:1350,4
DA:1351,4
DA:1352,2
DA:1353,2
DA:1356,4
DA:1357,4
DA:1358,4
DA:1359,2
DA:1360,2
DA:1363,4
DA:1364,4
DA:1365,4
DA:1366,4
DA:1367,4
DA:1368,4
DA:1369,4
DA:1370,4
DA:1371,4
DA:1372,4
DA:1373,4
DA:1374,4
DA:1375,4
DA:1376,4
DA:1377,4
DA:1378,4
DA:1379,2
DA:1380,2
DA:1383,4
DA:1384,4
DA:1385,4
DA:1386,4
DA:1387,4
DA:1388,4
DA:1389,4
DA:1390,4
DA:1391,4
DA:1392,4
DA:1393,4
DA:1394,4
DA:1395,2
DA:1396,2
DA:1399,4
DA:1400,4
DA:1401,4
DA:1402,4
DA:1403,4
DA:1404,4
DA:1405,4
DA:1406,4
DA:1407,4
DA:1408,4
DA:1409,4
DA:1410,4
DA:1411,4
DA:1412,2
DA:1413,2
DA:1416,4
DA:1417,4
DA:1418,4
DA:1419,4
DA:1420,4
DA:1421,2
DA:1422,2
DA:1425,4
DA:1426,4
DA:1427,4
DA:1428,4
DA:1429,4
DA:1430,4
DA:1431,4
DA:1432,4
DA:1433,4
DA:1434,4
DA:1435,4
DA:1436,4
DA:1437,4
DA:1438,4
DA:1439,4
DA:1440,4
DA:1441,4
DA:1442,4
DA:1443,4
DA:1444,4
DA:1445,4
DA:1446,4
DA:1447,4
DA:1448,4
DA:1449,4
DA:1450,4
DA:1451,4
DA:1452,4
DA:1453,4
DA:1454,4
DA:1455,4
DA:1456,4
DA:1457,4
DA:1458,4
DA:1459,4
DA:1460,4
DA:1461,4
DA:1462,2
DA:1463,2
DA:1466,4
DA:1467,4
DA:1468,4
DA:1469,2
DA:1470,2
DA:1473,4
DA:1474,4
DA:1475,4
DA:1476,4
DA:1477,4
DA:1478,4
DA:1479,4
DA:1480,2
DA:1481,2
DA:1484,4
DA:1485,4
DA:1486,4
DA:1487,4
DA:1488,4
DA:1489,4
DA:1490,4
DA:1491,4
DA:1492,4
DA:1493,4
DA:1494,4
DA:1495,4
DA:1496,4
DA:1497,4
DA:1498,4
DA:1499,2
DA:1500,2
DA:1503,4
DA:1504,4
DA:1505,4
DA:1506,4
DA:1507,4
DA:1508,4
DA:1509,4
DA:1510,4
DA:1511,4
DA:1512,4
DA:1513,4
DA:1514,2
DA:1515,2
DA:1518,4
DA:1519,4
DA:1520,4
DA:1521,4
DA:1522,4
DA:1523,2
DA:1524,2
DA:1527,4
DA:1528,4
DA:1529,4
DA:1530,4
DA:1531,4
DA:1532,4
DA:1533,4
DA:1534,4
DA:1535,4
DA:1536,4
DA:1537,4
DA:1538,4
DA:1539,4
DA:1540,4
DA:1541,4
DA:1542,2
DA:1543,2
DA:1546,4
DA:1547,2
DA:1548,2
DA:1551,4
DA:1552,4
DA:1553,4
DA:1554,4
DA:1555,4
DA:1556,4
DA:1557,4
DA:1558,4
DA:1559,4
DA:1560,4
DA:1561,4
DA:1562,4
DA:1563,4
DA:1564,4
DA:1565,4
DA:1566,4
DA:1567,4
DA:1568,4
DA:1569,4
DA:1570,4
DA:1571,4
DA:1572,4
DA:1573,4
DA:1574,4
DA:1575,4
DA:1576,4
DA:1577,4
DA:1578,4
DA:1579,4
DA:1580,4
DA:1581,4
DA:1582,4
DA:1583,2
DA:1584,2
DA:1587,4
DA:1588,4
DA:1589,4
DA:1590,4
DA:1591,4
DA:1592,4
DA:1593,4
DA:1594,4
DA:1595,4
DA:1596,4
DA:1597,4
DA:1598,4
DA:1599,2
DA:1600,2
DA:1603,4
DA:1604,4
DA:1605,4
DA:1606,4
DA:1607,2
DA:1608,2
DA:1611,4
DA:1612,2
DA:1613,2
DA:1616,4
DA:1617,4
DA:1618,4
DA:1619,4
DA:1620,4
DA:1621,4
DA:1622,4
DA:1623,4
DA:1624,4
DA:1625,4
DA:1626,4
DA:1627,4
DA:1628,4
DA:1629,4
DA:1630,4
DA:1631,4
DA:1632,4
DA:1633,4
DA:1634,2
DA:1635,2
DA:1638,4
DA:1639,4
DA:1640,4
DA:1641,4
DA:1642,4
DA:1643,4
DA:1644,4
DA:1645,2
DA:1646,2
DA:1649,2
DA:1650,2
DA:1653,4
DA:1654,2
DA:1655,2
DA:1658,4
DA:1659,4
DA:1660,4
DA:1661,4
DA:1662,4
DA:1663,4
DA:1664,4
DA:1665,4
DA:1666,4
DA:1667,2
DA:1668,2
DA:1671,4
DA:1672,4
DA:1673,4
DA:1674,4
DA:1675,4
DA:1676,4
DA:1677,4
DA:1678,4
DA:1679,2
DA:1680,2
DA:1683,2
DA:1684,2
DA:1687,4
DA:1688,4
DA:1689,4
DA:1690,4
DA:1691,4
DA:1692,4
DA:1693,4
DA:1694,4
DA:1695,4
DA:1696,4
DA:1697,4
DA:1698,4
DA:1699,4
DA:1700,4
DA:1701,4
DA:1702,4
DA:1703,4
DA:1704,4
DA:1705,4
DA:1706,4
DA:1707,4
DA:1708,4
DA:1709,2
DA:1710,2
DA:1713,4
DA:1714,4
DA:1715,4
DA:1716,4
DA:1717,4
DA:1718,4
DA:1719,4
DA:1720,4
DA:1721,4
DA:1722,4
DA:1723,2
DA:1724,2
DA:1727,4
DA:1728,4
DA:1729,4
DA:1730,4
DA:1731,4
DA:1732,4
DA:1733,4
DA:1734,4
DA:1735,4
DA:1736,4
DA:1737,4
DA:1738,4
DA:1739,4
DA:1740,4
DA:1741,4
DA:1742,4
DA:1743,4
DA:1744,4
DA:1745,4
DA:1746,4
DA:1747,4
DA:1748,4
DA:1749,4
DA:1750,4
DA:1751,4
DA:1752,4
DA:1753,4
DA:1754,4
DA:1755,4
DA:1756,4
DA:1757,4
DA:1758,4
DA:1759,4
DA:1760,4
DA:1761,4
DA:1762,4
DA:1763,4
DA:1764,4
DA:1765,4
DA:1766,4
DA:1767,4
DA:1768,4
DA:1769,2
DA:1770,2
DA:1773,4
DA:1774,4
DA:1775,4
DA:1776,4
DA:1777,4
DA:1778,4
DA:1779,4
DA:1780,4
DA:1781,4
DA:1782,4
DA:1783,4
DA:1784,4
DA:1785,4
DA:1786,4
DA:1787,4
DA:1788,4
DA:1789,4
DA:1790,4
DA:1791,4
DA:1792,4
DA:1793,2
DA:1794,2
DA:1797,4
DA:1798,4
DA:1799,4
DA:1800,4
DA:1801,4
DA:1802,4
DA:1803,4
DA:1804,4
DA:1805,4
DA:1806,4
DA:1807,4
DA:1808,4
DA:1809,4
DA:1810,4
DA:1811,2
DA:1812,2
DA:1815,4
DA:1816,4
DA:1817,4
DA:1818,4
DA:1819,4
DA:1820,4
DA:1821,4
DA:1822,4
DA:1823,4
DA:1824,4
DA:1825,4
DA:1826,4
DA:1827,4
DA:1828,4
DA:1829,4
LF:871
LH:871
end_of_record
SF:lib/layouts/utility_template.dart
DA:17,0
DA:19,0
DA:21,0
DA:23,0
DA:25,0
DA:27,0
DA:28,0
DA:29,0
DA:31,0
DA:33,0
DA:35,0
DA:39,0
DA:41,0
DA:42,0
DA:43,0
DA:44,0
DA:45,0
DA:49,0
DA:51,0
DA:54,0
DA:60,0
DA:62,0
LF:22
LH:0
end_of_record
SF:lib/layouts/page_template.dart
DA:11,2
DA:19,2
DA:21,2
DA:22,2
DA:23,2
DA:25,2
DA:26,2
DA:27,2
DA:28,2
DA:29,0
DA:31,0
DA:33,2
DA:35,2
DA:36,2
LF:14
LH:12
end_of_record
SF:lib/typography/heading.dart
DA:10,2
DA:12,2
DA:14,2
DA:16,2
DA:17,2
DA:18,2
DA:19,2
DA:23,2
DA:24,2
DA:25,2
DA:26,0
DA:27,2
DA:28,3
DA:29,1
DA:30,3
DA:31,0
DA:32,0
DA:33,0
DA:34,0
DA:36,0
LF:20
LH:14
end_of_record
SF:lib/typography/heading_type.dart
DA:9,0
DA:10,0
DA:14,4
LF:3
LH:1
end_of_record
SF:lib/layouts/app_bar.dart
DA:14,1
DA:24,1
DA:27,1
DA:29,1
DA:30,1
DA:31,1
DA:32,1
DA:33,1
DA:34,1
DA:37,3
DA:38,1
DA:39,0
DA:40,1
DA:43,0
DA:44,0
DA:45,0
DA:46,0
DA:47,0
DA:48,0
DA:57,0
DA:58,0
DA:68,0
DA:69,0
DA:70,0
DA:71,0
LF:25
LH:12
end_of_record
SF:lib/layouts/information_template.dart
DA:18,1
DA:20,1
DA:22,1
DA:24,1
DA:25,1
DA:26,1
DA:27,1
DA:28,1
DA:30,1
DA:32,1
DA:33,1
DA:34,1
DA:36,1
DA:38,1
DA:41,1
DA:42,1
DA:43,1
DA:47,1
DA:49,2
DA:52,1
DA:58,1
DA:60,1
DA:62,1
DA:64,1
DA:66,1
DA:68,1
LF:26
LH:26
end_of_record
SF:lib/layouts/information_template_test.dart
DA:12,1
DA:13,2
DA:14,2
DA:17,1
DA:23,1
DA:25,0
DA:32,4
DA:40,2
DA:41,2
DA:42,2
DA:43,2
DA:44,2
DA:45,2
LF:13
LH:12
end_of_record
SF:lib/numpads/numpad_text_test.dart
DA:8,1
DA:9,2
DA:10,1
DA:11,0
DA:12,0
DA:15,2
DA:16,2
DA:17,2
DA:18,2
DA:22,2
DA:23,1
DA:24,1
DA:25,1
DA:28,2
DA:29,1
DA:30,3
DA:31,3
DA:32,3
DA:33,3
DA:34,3
DA:35,3
DA:36,3
DA:37,3
DA:38,3
DA:39,3
DA:40,3
DA:41,3
DA:42,3
DA:43,3
DA:44,3
DA:45,3
DA:46,3
DA:47,3
DA:48,3
DA:49,2
DA:50,2
LF:36
LH:34
end_of_record
SF:lib/numpads/numpad_text.dart
DA:17,1
DA:27,1
DA:28,1
DA:34,1
DA:35,2
DA:38,1
DA:39,2
DA:40,1
DA:41,7
DA:44,1
DA:45,1
DA:49,3
DA:50,6
DA:52,0
DA:58,1
DA:59,1
DA:63,2
DA:64,0
DA:65,0
DA:66,0
DA:67,0
DA:71,2
DA:74,3
DA:75,0
DA:78,2
DA:82,1
DA:83,2
DA:84,0
DA:88,2
DA:89,0
DA:92,1
DA:93,1
DA:98,2
DA:99,6
DA:101,4
DA:104,0
DA:105,0
DA:106,0
DA:107,0
DA:111,1
DA:112,1
DA:114,1
DA:115,1
DA:116,1
DA:117,1
DA:123,1
DA:124,1
DA:125,1
DA:127,1
DA:128,2
DA:129,2
DA:130,2
DA:134,1
DA:136,2
DA:137,3
DA:138,3
DA:139,3
DA:140,3
DA:151,1
DA:154,1
DA:156,1
DA:157,1
DA:161,0
DA:162,4
DA:163,2
LF:65
LH:52
end_of_record
SF:lib/numpads/passcode_numpad_text_test.dart
DA:8,1
DA:9,2
DA:10,1
DA:11,0
DA:12,0
DA:15,2
DA:16,2
DA:17,2
DA:18,2
DA:23,2
DA:24,1
DA:25,1
DA:26,1
DA:29,2
DA:31,1
DA:32,3
DA:33,3
DA:34,3
DA:35,3
DA:36,3
DA:37,3
DA:38,3
DA:39,3
DA:40,3
DA:41,3
DA:42,3
DA:43,2
DA:44,2
DA:47,1
DA:48,1
DA:52,1
DA:55,0
DA:60,3
DA:61,2
DA:62,2
DA:64,3
DA:65,3
DA:66,3
DA:67,2
DA:68,2
DA:70,3
DA:71,3
DA:72,3
DA:73,2
DA:74,2
DA:76,2
DA:77,2
LF:47
LH:44
end_of_record
SF:lib/numpads/passcode_numpad_text.dart
DA:19,1
DA:30,1
DA:33,1
DA:34,1
DA:38,3
DA:42,1
DA:43,1
DA:47,1
DA:49,2
DA:50,0
DA:53,2
DA:54,0
DA:58,3
DA:59,6
DA:62,2
DA:64,8
DA:67,2
DA:68,4
DA:71,1
DA:72,3
DA:73,1
DA:78,1
DA:79,1
DA:83,1
DA:86,0
DA:88,5
DA:89,2
DA:91,1
DA:93,1
DA:98,3
DA:99,0
DA:100,0
DA:101,1
DA:102,2
DA:103,2
DA:104,3
DA:105,0
DA:107,3
DA:123,1
DA:130,1
DA:131,1
DA:132,1
DA:134,1
DA:135,2
DA:136,2
DA:137,2
DA:141,1
DA:143,2
DA:144,3
DA:145,3
DA:146,3
DA:147,5
DA:157,1
DA:159,1
DA:161,1
DA:162,1
DA:166,5
DA:167,2
LF:58
LH:52
end_of_record
SF:lib/sliders/dots_indicator_test.dart
DA:15,1
DA:19,2
DA:21,1
DA:22,4
DA:25,2
DA:26,2
DA:27,1
DA:28,1
DA:32,3
DA:35,1
DA:36,1
DA:37,2
DA:38,2
DA:39,1
DA:40,1
DA:48,4
DA:50,5
DA:53,1
DA:54,1
DA:55,2
DA:56,1
DA:57,1
DA:61,3
DA:63,2
LF:24
LH:24
end_of_record
SF:lib/sliders/dots_indicator.dart
DA:13,1
DA:19,1
DA:21,1
DA:23,1
DA:25,1
DA:28,3
DA:33,1
DA:34,3
DA:36,1
DA:37,1
DA:39,1
DA:40,4
DA:50,1
DA:52,1
DA:54,1
DA:55,1
DA:56,1
DA:57,1
DA:58,1
DA:60,1
DA:61,1
DA:62,1
LF:22
LH:22
end_of_record
SF:lib/sliders/slider_test.dart
DA:9,1
DA:10,2
DA:13,1
DA:19,4
DA:21,2
DA:22,2
DA:23,2
LF:7
LH:7
end_of_record
SF:lib/sliders/utility_slide.dart
DA:13,2
DA:15,1
DA:17,1
DA:18,1
DA:20,1
DA:21,1
DA:22,1
DA:24,1
DA:26,1
DA:28,1
DA:32,1
DA:34,1
DA:35,1
DA:36,1
DA:37,1
DA:38,1
DA:42,1
DA:44,2
DA:47,1
LF:19
LH:19
end_of_record
SF:lib/typography/heading.dart
DA:10,1
DA:12,0
DA:14,1
DA:16,1
DA:17,1
DA:18,1
DA:19,1
DA:23,1
DA:24,1
DA:25,1
DA:26,0
DA:27,1
DA:28,0
DA:29,1
DA:30,0
DA:31,1
DA:32,0
DA:33,1
DA:34,0
DA:36,3
LF:20
LH:14
end_of_record
SF:lib/typography/heading_test.dart
DA:6,1
DA:7,2
DA:8,2
DA:10,2
LF:4
LH:4
end_of_record
SF:lib/story_book/props_explorer.dart
DA:21,1
DA:26,0
DA:27,0
DA:28,0
DA:29,1
DA:31,1
DA:32,1
DA:38,1
DA:40,1
DA:41,2
DA:42,1
DA:45,1
DA:47,1
DA:48,1
DA:49,5
DA:51,1
DA:53,4
DA:59,1
DA:60,2
DA:61,2
DA:62,1
DA:63,1
LF:22
LH:19
end_of_record
SF:lib/story_book/props_explorer_test.dart
DA:7,1
DA:8,2
DA:9,2
DA:10,4
DA:12,1
DA:13,1
DA:15,2
DA:16,2
DA:19,1
DA:20,1
DA:21,4
DA:23,1
DA:24,3
DA:26,2
DA:27,2
DA:30,2
DA:31,4
DA:33,2
DA:34,1
DA:35,1
DA:38,4
DA:40,3
DA:41,2
DA:42,2
LF:24
LH:24
end_of_record
